[2016-06-07 08:21:21] START
[2016-06-07 08:21:21] EDIT lifn/models/tables.py: -2
[2016-06-07 08:37:45] EDIT lifn/models/tables.py: 0
[2016-06-07 19:05:17] EDIT lifn/models/tables.py: 0
[2016-06-07 19:05:59] EDIT lifn/models/tables.py: 0
[2016-06-22 19:20:27] EDIT lifn/views/default/fuego.html: 5
[2016-06-22 19:21:24] EDIT lifn/views/default/fuego.html: 0
[2016-06-22 19:25:16] EDIT lifn/views/default/fuego.html: 1
[2016-06-22 19:27:25] EDIT lifn/views/default/fuego.html: 1
[2016-06-22 19:30:29] EDIT lifn/views/default/fuego.html: 0
[2016-06-22 19:31:14] EDIT lifn/views/default/fuego.html: 0
[2016-06-22 19:35:05] EDIT lifn/views/default/fuego.html: 0
[2016-06-22 19:36:24] EDIT lifn/views/default/fuego.html: 3
[2016-06-22 19:36:38] EDIT lifn/views/default/fuego.html: 0
[2016-06-22 19:38:28] EDIT lifn/views/default/fuego.html: -2
[2016-06-22 19:39:17] EDIT lifn/views/default/fuego.html: -1
[2016-06-22 19:39:51] EDIT lifn/views/default/fuego.html: 0
[2016-06-22 19:41:36] EDIT lifn/views/default/fuego.html: 1
[2016-06-22 19:42:09] EDIT lifn/views/default/fuego.html: 0
[2016-06-22 19:44:48] EDIT lifn/views/default/fuego.html: 0
[2016-06-22 19:45:27] EDIT lifn/views/default/fuego.html: 0
[2016-06-22 19:47:06] EDIT lifn/views/default/fuego.html: -19
[2016-06-22 19:47:25] EDIT lifn/views/default/fuego.html: 0
[2016-06-22 20:00:09] EDIT lifn/views/default/relieve.html: 9
[2016-06-22 20:02:39] EDIT lifn/views/default/relieve.html: 2
[2016-06-22 20:02:42] EDIT lifn/views/default/relieve.html: 0
[2016-06-23 13:11:45] EDIT lifn/views/default/relieve.html: 0
[2016-06-23 13:12:10] EDIT lifn/views/default/relieve.html: 0
[2016-06-23 13:12:37] EDIT lifn/views/default/relieve.html: 0
[2016-06-23 13:57:57] EDIT lifn/views/default/relieve.html: 1
[2016-06-23 13:58:03] EDIT lifn/views/default/relieve.html: 0
[2016-06-23 14:00:46] EDIT lifn/views/default/relieve.html: 2
[2016-06-23 14:05:00] EDIT lifn/views/default/relieve.html: 3
[2016-06-23 14:05:56] EDIT lifn/views/default/relieve.html: 0
[2016-06-23 14:07:13] EDIT lifn/views/default/relieve.html: 0
[2016-06-23 14:08:00] EDIT lifn/views/default/relieve.html: 1
[2016-06-23 14:08:25] EDIT lifn/views/default/relieve.html: 0
[2016-06-23 14:09:20] EDIT lifn/views/default/relieve.html: 1
[2016-06-23 14:38:25] EDIT lifn/views/default/relieve.html: 0
[2016-06-23 14:39:36] EDIT lifn/views/default/relieve.html: -2
[2016-06-23 14:41:14] EDIT lifn/views/default/relieve.html: 0
[2016-06-23 14:58:01] EDIT lifn/views/default/productosNoMadereros.html: 12
[2016-06-23 14:58:32] EDIT lifn/views/default/productosNoMadereros.html: 0
[2016-06-23 14:59:45] EDIT lifn/views/default/productosNoMadereros.html: 0
[2016-06-23 14:59:50] EDIT lifn/views/default/productosNoMadereros.html: 0
[2016-06-23 15:01:43] EDIT lifn/views/default/productosNoMadereros.html: 2
[2016-06-23 15:02:17] EDIT lifn/views/default/productosNoMadereros.html: 0
[2016-06-23 15:02:29] EDIT lifn/views/default/relieve.html: 0
[2016-06-23 15:03:00] EDIT lifn/views/default/productosNoMadereros.html: 0
[2016-06-23 15:03:31] EDIT lifn/views/default/relieve.html: -2
[2016-06-23 15:19:47] EDIT lifn/views/default/suelo.html: 8
[2016-06-23 15:30:40] EDIT lifn/views/default/suelo.html: 2
[2016-06-23 15:32:47] EDIT lifn/views/default/suelo.html: 0
[2016-06-23 15:34:44] EDIT lifn/views/default/suelo.html: 0
[2016-06-23 15:39:06] EDIT lifn/views/default/productosNoMadereros.html: 1
[2016-06-23 15:41:09] EDIT lifn/views/default/suelo.html: 0
[2016-06-23 15:41:26] EDIT lifn/views/default/productosNoMadereros.html: 0
[2016-06-23 15:42:49] EDIT lifn/views/default/relieve.html: 1
[2016-06-23 15:44:27] EDIT lifn/views/default/fuego.html: 2
[2016-06-23 16:14:07] EDIT lifn/models/tables.py: 0
[2016-06-30 18:27:11] EDIT lifn/models/tables.py: 0
[2016-06-30 19:39:44] EDIT lifn/models/tables.py: 1
[2016-06-30 21:01:14] EDIT lifn/models/tables.py: -1
[2016-06-30 23:46:10] EDIT lifn/views/default/distancias.html: 7
[2016-06-30 23:47:30] EDIT lifn/views/default/distancias.html: 4
[2016-06-30 23:48:30] EDIT lifn/views/default/distancias.html: 0
[2016-06-30 23:49:45] EDIT lifn/views/default/distancias.html: -2
[2016-06-30 23:50:40] EDIT lifn/views/default/distancias.html: 0
[2016-06-30 23:51:21] EDIT lifn/views/default/distancias.html: 0
[2016-06-30 23:52:15] EDIT lifn/views/default/distancias.html: 1
[2016-06-30 23:53:41] EDIT lifn/views/default/distancias.html: 0
[2016-06-30 23:55:09] EDIT lifn/views/default/distancias.html: 0
[2016-07-01 13:44:14] EDIT lifn/views/default/distancias.html: 0
[2016-07-01 13:44:50] EDIT lifn/views/default/distancias.html: 1
[2016-07-01 13:49:55] EDIT lifn/views/default/distancias.html: 0
[2016-07-01 13:51:06] EDIT lifn/views/default/distancias.html: 0
[2016-07-01 13:53:03] EDIT lifn/views/default/distancias.html: 0
[2016-07-01 13:54:37] EDIT lifn/views/default/distancias.html: 0
[2016-07-01 13:56:32] EDIT lifn/views/default/distancias.html: 0
[2016-07-01 13:56:57] EDIT lifn/views/default/distancias.html: 0
[2016-07-01 14:48:10] EDIT lifn/views/default/distancias.html: 0
[2016-07-01 15:00:20] EDIT lifn/views/default/distancias.html: 0
[2016-07-01 15:01:33] EDIT lifn/views/default/distancias.html: 0
[2016-07-01 15:01:59] EDIT lifn/views/default/distancias.html: 0
[2016-07-01 15:03:43] EDIT lifn/views/default/distancias.html: 0
[2016-07-01 15:05:16] EDIT lifn/views/default/distancias.html: 0
[2016-07-01 15:06:10] EDIT lifn/views/default/distancias.html: 0
[2016-07-01 15:06:22] EDIT lifn/views/default/distancias.html: 0
[2016-07-01 15:08:13] EDIT lifn/views/default/distancias.html: 0
[2016-07-01 15:08:23] EDIT lifn/views/default/distancias.html: -2
[2016-07-01 16:49:40] EDIT lifn/views/default/distancias.html: 0
[2016-07-01 16:50:21] EDIT lifn/views/default/distancias.html: 1
[2016-07-01 20:50:15] EDIT lifn/views/default/distancias.html: 3
[2016-07-01 20:51:08] EDIT lifn/views/default/distancias.html: 0
[2016-07-01 20:51:36] EDIT lifn/views/default/distancias.html: 0
[2016-07-01 20:52:35] EDIT lifn/views/default/distancias.html: 0
[2016-07-01 20:53:19] EDIT lifn/views/default/distancias.html: 0
[2016-07-01 21:03:41] EDIT lifn/views/default/distancias.html: 1
[2016-07-01 21:04:34] EDIT lifn/views/default/distancias.html: 0
[2016-07-01 21:07:40] EDIT lifn/views/default/distancias.html: -1
[2016-07-01 21:15:44] EDIT lifn/models/tables.py: 0
[2016-07-04 21:19:59] EDIT lifn/views/default/agua.html: 1
[2016-07-04 21:21:03] EDIT lifn/views/default/agua.html: 0
[2016-07-04 22:05:51] EDIT lifn/views/default/agua.html: -1
[2016-07-05 13:50:13] EDIT lifn/models/tables.py: 0
[2016-08-15 08:18:47] CREATE customvalidators.py: 0
[2016-08-15 08:35:11] EDIT lifn/models/customvalidators.py: 24
[2016-08-15 10:30:18] EDIT lifn/models/customvalidators.py: 2
[2016-08-15 10:30:24] EDIT lifn/models/customvalidators.py: 0
[2016-08-15 10:32:59] EDIT lifn/models/customvalidators.py: -2
[2016-08-15 10:33:48] EDIT lifn/models/tables.py: 0
[2016-08-15 10:35:15] EDIT lifn/models/tables.py: 1
[2016-08-15 10:47:44] EDIT lifn/models/tables.py: 0
[2016-08-15 10:48:43] EDIT lifn/models/tables.py: 0
[2016-08-15 11:10:27] EDIT lifn/models/tables.py: 0
[2016-08-15 11:10:34] EDIT lifn/models/tables.py: -1
[2016-08-18 16:55:32] EDIT lifn/controllers/default.py: 2
[2016-08-18 16:57:48] EDIT lifn/controllers/default.py: -2
[2016-08-18 17:51:36] EDIT lifn/controllers/default.py: 1
[2016-08-18 17:52:08] EDIT lifn/controllers/default.py: 0
[2016-08-18 17:52:12] EDIT lifn/controllers/default.py: 0
[2016-08-18 17:53:38] EDIT lifn/controllers/default.py: 1
[2016-08-18 17:55:44] EDIT lifn/controllers/default.py: 3
[2016-08-18 17:56:55] EDIT lifn/controllers/default.py: 0
[2016-08-23 20:57:52] EDIT lifn/models/tables.py: 0
[2016-08-23 21:03:44] EDIT lifn/models/tables.py: 0
[2016-08-24 06:18:56] CREATE regeneracionNatural.html: 0
[2016-08-24 06:21:30] DELETE lifn/views/regeneracionNatural.html: -3
[2016-08-24 06:26:56] EDIT lifn/views/default/regenereacionNatural.html: 0
[2016-08-24 06:32:30] EDIT lifn/views/default/regenereacionNatural.html: 0
[2016-08-24 06:57:28] EDIT lifn/views/default/regenereacionNatural.html: -45
[2017-01-31 16:10:58] EDIT lifn/models/tables.py: -3
[2017-01-31 16:11:43] EDIT lifn/models/tables.py: -6
[2017-01-31 16:12:38] EDIT lifn/models/tables.py: 0
[2017-01-31 16:13:31] EDIT lifn/models/tables.py: 0
[2017-01-31 16:15:42] EDIT lifn/models/tables.py: 0
[2017-01-31 16:23:07] EDIT lifn/models/tables.py: 0
[2017-01-31 16:50:55] EDIT lifn/views/default/flora.html: 0
